  stdafx.cpp
c:\users\jack\onedrive\desktop\projects\vector2\vector2\vector2\vector2\vector2.h(20): error C2143: syntax error: missing ';' before '<'
c:\users\jack\onedrive\desktop\projects\vector2\vector2\vector2\vector2\vector2.h(20): error C4430: missing type specifier - int assumed. Note: C++ does not support default-int
c:\users\jack\onedrive\desktop\projects\vector2\vector2\vector2\vector2\vector2.h(21): error C2059: syntax error: '<'
c:\users\jack\onedrive\desktop\projects\vector2\vector2\vector2\vector2\vector2.h(22): error C2059: syntax error: '<'
c:\users\jack\onedrive\desktop\projects\vector2\vector2\vector2\vector2\vector2.h(101): error C2920: redefinition: 'Vector2': class template has already been declared as 'typedef int Vector2'
  c:\users\jack\onedrive\desktop\projects\vector2\vector2\vector2\vector2\vector2.h(25): note: see declaration of 'Vector2'
  c:\users\jack\onedrive\desktop\projects\vector2\vector2\vector2\vector2\vector2.h(20): note: see declaration of 'Vector2'
c:\users\jack\onedrive\desktop\projects\vector2\vector2\vector2\vector2_unit_test\stdafx.cpp(10): warning C4002: too many arguments for function-like macro invocation 'TEST_CLASS'
c:\users\jack\onedrive\desktop\projects\vector2\vector2\vector2\vector2_unit_test\stdafx.cpp(12): error C2460: 'Vector2f::vec1': uses 'Vector2f', which is being defined
  c:\users\jack\onedrive\desktop\projects\vector2\vector2\vector2\vector2_unit_test\stdafx.cpp(10): note: see declaration of 'Vector2f'
c:\users\jack\onedrive\desktop\projects\vector2\vector2\vector2\vector2_unit_test\stdafx.cpp(13): error C2460: 'Vector2f::vec2': uses 'Vector2f', which is being defined
  c:\users\jack\onedrive\desktop\projects\vector2\vector2\vector2\vector2_unit_test\stdafx.cpp(10): note: see declaration of 'Vector2f'
